Performing C SOURCE FILE Test CMAKE_HAVE_LIBC_PTHREAD failed with the following output:
Change Dir: /home/chen/offboard_control/build/CMakeFiles/CMakeTmp

Run Build Command(s):/usr/bin/make cmTC_846a6/fast && /usr/bin/make -f CMakeFiles/cmTC_846a6.dir/build.make CMakeFiles/cmTC_846a6.dir/build
make[1]: Entering directory '/home/chen/offboard_control/build/CMakeFiles/CMakeTmp'
Building C object CMakeFiles/cmTC_846a6.dir/src.c.o
/usr/bin/cc   -DCMAKE_HAVE_LIBC_PTHREAD   -o CMakeFiles/cmTC_846a6.dir/src.c.o   -c /home/chen/offboard_control/build/CMakeFiles/CMakeTmp/src.c
Linking C executable cmTC_846a6
/usr/bin/cmake -E cmake_link_script CMakeFiles/cmTC_846a6.dir/link.txt --verbose=1
/usr/bin/cc  -DCMAKE_HAVE_LIBC_PTHREAD    CMakeFiles/cmTC_846a6.dir/src.c.o  -o cmTC_846a6 
/usr/bin/ld: CMakeFiles/cmTC_846a6.dir/src.c.o: in function `main':
src.c:(.text+0x46): undefined reference to `pthread_create'
/usr/bin/ld: src.c:(.text+0x52): undefined reference to `pthread_detach'
/usr/bin/ld: src.c:(.text+0x63): undefined reference to `pthread_join'
collect2: error: ld returned 1 exit status
make[1]: *** [CMakeFiles/cmTC_846a6.dir/build.make:87: cmTC_846a6] Error 1
make[1]: Leaving directory '/home/chen/offboard_control/build/CMakeFiles/CMakeTmp'
make: *** [Makefile:121: cmTC_846a6/fast] Error 2


Source file was:
#include <pthread.h>

void* test_func(void* data)
{
  return data;
}

int main(void)
{
  pthread_t thread;
  pthread_create(&thread, NULL, test_func, NULL);
  pthread_detach(thread);
  pthread_join(thread, NULL);
  pthread_atfork(NULL, NULL, NULL);
  pthread_exit(NULL);

  return 0;
}

Determining if the function pthread_create exists in the pthreads failed with the following output:
Change Dir: /home/chen/offboard_control/build/CMakeFiles/CMakeTmp

Run Build Command(s):/usr/bin/make cmTC_2eaf6/fast && /usr/bin/make -f CMakeFiles/cmTC_2eaf6.dir/build.make CMakeFiles/cmTC_2eaf6.dir/build
make[1]: Entering directory '/home/chen/offboard_control/build/CMakeFiles/CMakeTmp'
Building C object CMakeFiles/cmTC_2eaf6.dir/CheckFunctionExists.c.o
/usr/bin/cc   -DCHECK_FUNCTION_EXISTS=pthread_create   -o CMakeFiles/cmTC_2eaf6.dir/CheckFunctionExists.c.o   -c /usr/share/cmake-3.16/Modules/CheckFunctionExists.c
Linking C executable cmTC_2eaf6
/usr/bin/cmake -E cmake_link_script CMakeFiles/cmTC_2eaf6.dir/link.txt --verbose=1
/usr/bin/cc  -DCHECK_FUNCTION_EXISTS=pthread_create    CMakeFiles/cmTC_2eaf6.dir/CheckFunctionExists.c.o  -o cmTC_2eaf6  -lpthreads 
/usr/bin/ld: cannot find -lpthreads
collect2: error: ld returned 1 exit status
make[1]: *** [CMakeFiles/cmTC_2eaf6.dir/build.make:87: cmTC_2eaf6] Error 1
make[1]: Leaving directory '/home/chen/offboard_control/build/CMakeFiles/CMakeTmp'
make: *** [Makefile:121: cmTC_2eaf6/fast] Error 2



Performing C SOURCE FILE Test CMAKE_HAVE_LIBC_PTHREAD failed with the following output:
Change Dir: /home/chen/offboard_control/build/CMakeFiles/CMakeTmp

Run Build Command(s):/usr/bin/make cmTC_72677/fast && /usr/bin/make -f CMakeFiles/cmTC_72677.dir/build.make CMakeFiles/cmTC_72677.dir/build
make[1]: Entering directory '/home/chen/offboard_control/build/CMakeFiles/CMakeTmp'
Building C object CMakeFiles/cmTC_72677.dir/src.c.o
/usr/bin/cc   -DCMAKE_HAVE_LIBC_PTHREAD   -o CMakeFiles/cmTC_72677.dir/src.c.o   -c /home/chen/offboard_control/build/CMakeFiles/CMakeTmp/src.c
Linking C executable cmTC_72677
/usr/bin/cmake -E cmake_link_script CMakeFiles/cmTC_72677.dir/link.txt --verbose=1
/usr/bin/cc  -DCMAKE_HAVE_LIBC_PTHREAD    CMakeFiles/cmTC_72677.dir/src.c.o  -o cmTC_72677 
/usr/bin/ld: CMakeFiles/cmTC_72677.dir/src.c.o: in function `main':
src.c:(.text+0x46): undefined reference to `pthread_create'
/usr/bin/ld: src.c:(.text+0x52): undefined reference to `pthread_detach'
/usr/bin/ld: src.c:(.text+0x63): undefined reference to `pthread_join'
collect2: error: ld returned 1 exit status
make[1]: *** [CMakeFiles/cmTC_72677.dir/build.make:87: cmTC_72677] Error 1
make[1]: Leaving directory '/home/chen/offboard_control/build/CMakeFiles/CMakeTmp'
make: *** [Makefile:121: cmTC_72677/fast] Error 2


Source file was:
#include <pthread.h>

void* test_func(void* data)
{
  return data;
}

int main(void)
{
  pthread_t thread;
  pthread_create(&thread, NULL, test_func, NULL);
  pthread_detach(thread);
  pthread_join(thread, NULL);
  pthread_atfork(NULL, NULL, NULL);
  pthread_exit(NULL);

  return 0;
}

Determining if the function pthread_create exists in the pthreads failed with the following output:
Change Dir: /home/chen/offboard_control/build/CMakeFiles/CMakeTmp

Run Build Command(s):/usr/bin/make cmTC_1b849/fast && /usr/bin/make -f CMakeFiles/cmTC_1b849.dir/build.make CMakeFiles/cmTC_1b849.dir/build
make[1]: Entering directory '/home/chen/offboard_control/build/CMakeFiles/CMakeTmp'
Building C object CMakeFiles/cmTC_1b849.dir/CheckFunctionExists.c.o
/usr/bin/cc   -DCHECK_FUNCTION_EXISTS=pthread_create   -o CMakeFiles/cmTC_1b849.dir/CheckFunctionExists.c.o   -c /usr/share/cmake-3.16/Modules/CheckFunctionExists.c
Linking C executable cmTC_1b849
/usr/bin/cmake -E cmake_link_script CMakeFiles/cmTC_1b849.dir/link.txt --verbose=1
/usr/bin/cc  -DCHECK_FUNCTION_EXISTS=pthread_create    CMakeFiles/cmTC_1b849.dir/CheckFunctionExists.c.o  -o cmTC_1b849  -lpthreads 
/usr/bin/ld: cannot find -lpthreads
collect2: error: ld returned 1 exit status
make[1]: *** [CMakeFiles/cmTC_1b849.dir/build.make:87: cmTC_1b849] Error 1
make[1]: Leaving directory '/home/chen/offboard_control/build/CMakeFiles/CMakeTmp'
make: *** [Makefile:121: cmTC_1b849/fast] Error 2



