Symlinking /home/chen/offboard_control/devel/lib/liboffboard_control.so
Symlinking /home/chen/offboard_control/devel/lib/python3/dist-packages/offboard_control/__init__.py
Symlinking /home/chen/offboard_control/devel/lib/python3/dist-packages/offboard_control/msg/_OffboardCtlType.py
Symlinking /home/chen/offboard_control/devel/lib/python3/dist-packages/offboard_control/msg/__init__.py
Symlinking /home/chen/offboard_control/devel/lib/python3/dist-packages/offboard_control/msg/_StateControl.py
Symlinking /home/chen/offboard_control/devel/lib/python3/dist-packages/offboard_control/srv/_SetPidGains.py
Symlinking /home/chen/offboard_control/devel/lib/python3/dist-packages/offboard_control/srv/_isUavArrived.py
Symlinking /home/chen/offboard_control/devel/lib/python3/dist-packages/offboard_control/srv/__init__.py
Symlinking /home/chen/offboard_control/devel/lib/python3/dist-packages/offboard_control/srv/_SetOffboardCtlType.py
Symlinking /home/chen/offboard_control/devel/lib/python3/dist-packages/offboard_control/srv/_SetTargetPoint.py
Symlinking /home/chen/offboard_control/devel/lib/pkgconfig/offboard_control.pc
Symlinking /home/chen/offboard_control/devel/lib/offboard_control/keyboard_control_node
Symlinking /home/chen/offboard_control/devel/lib/offboard_control/follow_cable_node
Symlinking /home/chen/offboard_control/devel/lib/offboard_control/offboard_control_node
Symlinking /home/chen/offboard_control/devel/include/offboard_control/isUavArrivedResponse.h
Symlinking /home/chen/offboard_control/devel/include/offboard_control/SetPidGains.h
Symlinking /home/chen/offboard_control/devel/include/offboard_control/StateControl.h
Symlinking /home/chen/offboard_control/devel/include/offboard_control/OffboardCtlType.h
Symlinking /home/chen/offboard_control/devel/include/offboard_control/SetOffboardCtlType.h
Symlinking /home/chen/offboard_control/devel/include/offboard_control/SetPidGainsRequest.h
Symlinking /home/chen/offboard_control/devel/include/offboard_control/SetPidGainsResponse.h
Symlinking /home/chen/offboard_control/devel/include/offboard_control/isUavArrivedRequest.h
Symlinking /home/chen/offboard_control/devel/include/offboard_control/SetOffboardCtlTypeRequest.h
Symlinking /home/chen/offboard_control/devel/include/offboard_control/SetTargetPointRequest.h
Symlinking /home/chen/offboard_control/devel/include/offboard_control/SetTargetPointResponse.h
Symlinking /home/chen/offboard_control/devel/include/offboard_control/SetTargetPoint.h
Symlinking /home/chen/offboard_control/devel/include/offboard_control/isUavArrived.h
Symlinking /home/chen/offboard_control/devel/include/offboard_control/SetOffboardCtlTypeResponse.h
Symlinking /home/chen/offboard_control/devel/share/roseus/ros/offboard_control/manifest.l
Symlinking /home/chen/offboard_control/devel/share/roseus/ros/offboard_control/msg/OffboardCtlType.l
Symlinking /home/chen/offboard_control/devel/share/roseus/ros/offboard_control/msg/StateControl.l
Symlinking /home/chen/offboard_control/devel/share/roseus/ros/offboard_control/srv/SetOffboardCtlType.l
Symlinking /home/chen/offboard_control/devel/share/roseus/ros/offboard_control/srv/isUavArrived.l
Symlinking /home/chen/offboard_control/devel/share/roseus/ros/offboard_control/srv/SetTargetPoint.l
Symlinking /home/chen/offboard_control/devel/share/roseus/ros/offboard_control/srv/SetPidGains.l
Symlinking /home/chen/offboard_control/devel/share/gennodejs/ros/offboard_control/_index.js
Symlinking /home/chen/offboard_control/devel/share/gennodejs/ros/offboard_control/msg/StateControl.js
Symlinking /home/chen/offboard_control/devel/share/gennodejs/ros/offboard_control/msg/_index.js
Symlinking /home/chen/offboard_control/devel/share/gennodejs/ros/offboard_control/msg/OffboardCtlType.js
Symlinking /home/chen/offboard_control/devel/share/gennodejs/ros/offboard_control/srv/SetPidGains.js
Symlinking /home/chen/offboard_control/devel/share/gennodejs/ros/offboard_control/srv/_index.js
Symlinking /home/chen/offboard_control/devel/share/gennodejs/ros/offboard_control/srv/SetOffboardCtlType.js
Symlinking /home/chen/offboard_control/devel/share/gennodejs/ros/offboard_control/srv/isUavArrived.js
Symlinking /home/chen/offboard_control/devel/share/gennodejs/ros/offboard_control/srv/SetTargetPoint.js
Symlinking /home/chen/offboard_control/devel/share/offboard_control/cmake/offboard_control-msg-paths.cmake
Symlinking /home/chen/offboard_control/devel/share/offboard_control/cmake/offboard_control-msg-extras.cmake
Symlinking /home/chen/offboard_control/devel/share/offboard_control/cmake/offboard_controlConfig.cmake
Symlinking /home/chen/offboard_control/devel/share/offboard_control/cmake/offboard_controlConfig-version.cmake
Symlinking /home/chen/offboard_control/devel/share/common-lisp/ros/offboard_control/msg/OffboardCtlType.lisp
Symlinking /home/chen/offboard_control/devel/share/common-lisp/ros/offboard_control/msg/_package_OffboardCtlType.lisp
Symlinking /home/chen/offboard_control/devel/share/common-lisp/ros/offboard_control/msg/_package_StateControl.lisp
Symlinking /home/chen/offboard_control/devel/share/common-lisp/ros/offboard_control/msg/offboard_control-msg.asd
Symlinking /home/chen/offboard_control/devel/share/common-lisp/ros/offboard_control/msg/_package.lisp
Symlinking /home/chen/offboard_control/devel/share/common-lisp/ros/offboard_control/msg/StateControl.lisp
Symlinking /home/chen/offboard_control/devel/share/common-lisp/ros/offboard_control/srv/_package_isUavArrived.lisp
Symlinking /home/chen/offboard_control/devel/share/common-lisp/ros/offboard_control/srv/SetPidGains.lisp
Symlinking /home/chen/offboard_control/devel/share/common-lisp/ros/offboard_control/srv/isUavArrived.lisp
Symlinking /home/chen/offboard_control/devel/share/common-lisp/ros/offboard_control/srv/_package_SetOffboardCtlType.lisp
Symlinking /home/chen/offboard_control/devel/share/common-lisp/ros/offboard_control/srv/offboard_control-srv.asd
Symlinking /home/chen/offboard_control/devel/share/common-lisp/ros/offboard_control/srv/_package_SetPidGains.lisp
Symlinking /home/chen/offboard_control/devel/share/common-lisp/ros/offboard_control/srv/_package.lisp
Symlinking /home/chen/offboard_control/devel/share/common-lisp/ros/offboard_control/srv/SetTargetPoint.lisp
Symlinking /home/chen/offboard_control/devel/share/common-lisp/ros/offboard_control/srv/SetOffboardCtlType.lisp
Symlinking /home/chen/offboard_control/devel/share/common-lisp/ros/offboard_control/srv/_package_SetTargetPoint.lisp
