[35m[1mScanning dependencies of target offboard_control[0m
[  0%] Built target geometry_msgs_generate_messages_nodejs
[35m[1mScanning dependencies of target offboard_control_node[0m
[  0%] Built target std_msgs_generate_messages_cpp
[  0%] Built target geometry_msgs_generate_messages_lisp
[  0%] Built target std_msgs_generate_messages_py
[  0%] Built target std_msgs_generate_messages_nodejs
[  0%] Built target geometry_msgs_generate_messages_cpp
[  0%] Built target geometry_msgs_generate_messages_eus
[  0%] Built target std_msgs_generate_messages_eus
[  0%] Built target std_msgs_generate_messages_lisp
[  0%] Built target geometry_msgs_generate_messages_py
[  6%] Built target follow_cable_node
[ 12%] Built target keyboard_control_node
[ 16%] [32mBuilding CXX object CMakeFiles/offboard_control.dir/src/OffboardCtl.cpp.o[0m
[ 19%] [32mBuilding CXX object CMakeFiles/offboard_control_node.dir/src/OffboardCtl.cpp.o[0m
[ 19%] Built target _offboard_control_generate_messages_check_deps_SetTargetPoint
[ 19%] Built target _offboard_control_generate_messages_check_deps_SetPidGains
[ 19%] Built target _offboard_control_generate_messages_check_deps_OffboardCtlType
[ 19%] Built target _offboard_control_generate_messages_check_deps_SetOffboardCtlType
[ 38%] Built target offboard_control_generate_messages_cpp
[ 45%] Built target offboard_control_generate_messages_lisp
[ 64%] Built target offboard_control_generate_messages_py
[ 77%] Built target offboard_control_generate_messages_nodejs
[ 93%] Built target offboard_control_generate_messages_eus
[ 93%] Built target offboard_control_generate_messages
[ 96%] [32m[1mLinking CXX executable /home/chen/offboard_control/devel/.private/offboard_control/lib/offboard_control/offboard_control_node[0m
[100%] [32m[1mLinking CXX shared library /home/chen/offboard_control/devel/.private/offboard_control/lib/liboffboard_control.so[0m
[100%] Built target offboard_control
[100%] Built target offboard_control_node
