[35m[1mScanning dependencies of target offboard_control[0m
[  0%] Built target std_msgs_generate_messages_eus
[35m[1mScanning dependencies of target follow_cable_node[0m
[35m[1mScanning dependencies of target offboard_control_node[0m
[  0%] Built target geometry_msgs_generate_messages_eus
[  0%] Built target std_msgs_generate_messages_py
[  0%] Built target geometry_msgs_generate_messages_cpp
[  0%] Built target std_msgs_generate_messages_cpp
[  0%] Built target geometry_msgs_generate_messages_nodejs
[  0%] Built target geometry_msgs_generate_messages_lisp
[  0%] Built target std_msgs_generate_messages_nodejs
[  0%] Built target geometry_msgs_generate_messages_py
[  0%] Built target std_msgs_generate_messages_lisp
[  6%] [32mBuilding CXX object CMakeFiles/offboard_control.dir/src/OffboardCtl.cpp.o[0m
[  6%] [32mBuilding CXX object CMakeFiles/follow_cable_node.dir/src/FollowCable.cpp.o[0m
[ 10%] [32mBuilding CXX object CMakeFiles/offboard_control_node.dir/src/OffboardCtl.cpp.o[0m
[ 10%] Built target _offboard_control_generate_messages_check_deps_OffboardCtlType
[ 10%] Built target _offboard_control_generate_messages_check_deps_SetPidGains
[ 10%] Built target _offboard_control_generate_messages_check_deps_SetOffboardCtlType
[ 10%] Built target _offboard_control_generate_messages_check_deps_SetTargetPoint
[ 13%] [34m[1mGenerating EusLisp code from offboard_control/SetOffboardCtlType.srv[0m
[ 17%] [34m[1mGenerating Javascript code from offboard_control/SetOffboardCtlType.srv[0m
[ 20%] [34m[1mGenerating Python code from SRV offboard_control/SetOffboardCtlType[0m
[ 24%] [34m[1mGenerating C++ code from offboard_control/SetOffboardCtlType.srv[0m
[ 27%] [34m[1mGenerating Lisp code from offboard_control/SetOffboardCtlType.srv[0m
[ 37%] Built target offboard_control_generate_messages_nodejs
[ 48%] Built target offboard_control_generate_messages_lisp
[ 62%] Built target offboard_control_generate_messages_eus
[ 72%] Built target offboard_control_generate_messages_cpp
[ 75%] [34m[1mGenerating Python srv __init__.py for offboard_control[0m
[ 79%] [34m[1mGenerating Python msg __init__.py for offboard_control[0m
[ 89%] Built target offboard_control_generate_messages_py
[ 89%] Built target offboard_control_generate_messages
[ 93%] [32m[1mLinking CXX executable /home/chen/offboard_control/devel/.private/offboard_control/lib/offboard_control/follow_cable_node[0m
[ 93%] Built target follow_cable_node
[ 96%] [32m[1mLinking CXX shared library /home/chen/offboard_control/devel/.private/offboard_control/lib/liboffboard_control.so[0m
[100%] [32m[1mLinking CXX executable /home/chen/offboard_control/devel/.private/offboard_control/lib/offboard_control/offboard_control_node[0m
[100%] Built target offboard_control
[100%] Built target offboard_control_node
