[  0%] Built target std_msgs_generate_messages_eus
[  0%] Built target geometry_msgs_generate_messages_cpp
[  0%] Built target std_msgs_generate_messages_cpp
[  0%] Built target geometry_msgs_generate_messages_eus
[  0%] Built target std_msgs_generate_messages_py
[  0%] Built target geometry_msgs_generate_messages_nodejs
[  0%] Built target geometry_msgs_generate_messages_lisp
[  0%] Built target std_msgs_generate_messages_nodejs
[  0%] Built target std_msgs_generate_messages_lisp
[  0%] Built target geometry_msgs_generate_messages_py
[  6%] Built target offboard_control
[ 17%] Built target _offboard_control_generate_messages_check_deps_SetOffboardCtlType
[ 20%] Built target follow_cable_node
[ 17%] Built target _offboard_control_generate_messages_check_deps_SetPidGains
[ 20%] Built target offboard_control_node
[ 17%] Built target _offboard_control_generate_messages_check_deps_SetTargetPoint
[ 20%] Built target _offboard_control_generate_messages_check_deps_OffboardCtlType
[ 79%] Built target offboard_control_generate_messages_nodejs
[ 82%] Built target offboard_control_generate_messages_eus
[ 79%] Built target offboard_control_generate_messages_cpp
[ 86%] Built target offboard_control_generate_messages_py
[100%] Built target offboard_control_generate_messages_lisp
[100%] Built target offboard_control_generate_messages
