[35m[1mScanning dependencies of target keyboard_control_node[0m
[35m[1mScanning dependencies of target follow_cable_node[0m
[  0%] Built target geometry_msgs_generate_messages_nodejs
[  0%] Built target geometry_msgs_generate_messages_eus
[  0%] Built target std_msgs_generate_messages_eus
[  0%] Built target std_msgs_generate_messages_cpp
[  0%] Built target std_msgs_generate_messages_nodejs
[  0%] Built target geometry_msgs_generate_messages_cpp
[  0%] Built target geometry_msgs_generate_messages_py
[  0%] Built target std_msgs_generate_messages_py
[  0%] Built target geometry_msgs_generate_messages_lisp
[  6%] Built target offboard_control
[  6%] Built target std_msgs_generate_messages_lisp
[  9%] [32mBuilding CXX object CMakeFiles/keyboard_control_node.dir/src/KeyboardControl.cpp.o[0m
[ 16%] Built target offboard_control_node
[ 19%] [32mBuilding CXX object CMakeFiles/follow_cable_node.dir/src/FollowCable.cpp.o[0m
[ 19%] Built target _offboard_control_generate_messages_check_deps_SetTargetPoint
[ 19%] Built target _offboard_control_generate_messages_check_deps_SetPidGains
[ 19%] Built target _offboard_control_generate_messages_check_deps_SetOffboardCtlType
[ 19%] Built target _offboard_control_generate_messages_check_deps_OffboardCtlType
[ 32%] Built target offboard_control_generate_messages_nodejs
[ 45%] Built target offboard_control_generate_messages_lisp
[ 61%] Built target offboard_control_generate_messages_eus
[ 74%] Built target offboard_control_generate_messages_cpp
[ 93%] Built target offboard_control_generate_messages_py
[ 93%] Built target offboard_control_generate_messages
[ 96%] [32m[1mLinking CXX executable /home/chen/offboard_control/devel/.private/offboard_control/lib/offboard_control/keyboard_control_node[0m
[ 96%] Built target keyboard_control_node
[100%] [32m[1mLinking CXX executable /home/chen/offboard_control/devel/.private/offboard_control/lib/offboard_control/follow_cable_node[0m
[100%] Built target follow_cable_node
