Not searching for unused variables given on the command line.
[36m--[0m The C compiler identification is GNU 9.4.0
[36m--[0m The CXX compiler identification is GNU 9.4.0
[36m--[0m Check for working C compiler: /usr/bin/cc
[36m--[0m Check for working C compiler: /usr/bin/cc -- works
[36m--[0m Detecting C compiler ABI info
[36m--[0m Detecting C compiler ABI info - done
[36m--[0m Detecting C compile features
[36m--[0m Detecting C compile features - done
[36m--[0m Check for working CXX compiler: /usr/bin/c++
[36m--[0m Check for working CXX compiler: /usr/bin/c++ -- works
[36m--[0m Detecting CXX compiler ABI info
[36m--[0m Detecting CXX compiler ABI info - done
[36m--[0m Detecting CXX compile features
[36m--[0m Detecting CXX compile features - done
[36m--[0m Using CATKIN_DEVEL_PREFIX: /home/chen/offboard_control/devel/.private/offboard_control
[36m--[0m Using CMAKE_PREFIX_PATH: /home/chen/offboard_control/devel;/home/chen/offboard_control/devel/.private/catkin_tools_prebuild;/home/chen/ros_new/devel;/home/chen/mav_px4/devel;/opt/ros/noetic
[36m--[0m This workspace overlays: /home/chen/offboard_control/devel;/home/chen/offboard_control/devel/.private/catkin_tools_prebuild;/home/chen/ros_new/devel;/home/chen/mav_px4/devel;/opt/ros/noetic
[36m--[0m Found PythonInterp: /usr/bin/python3 (found suitable version "3.8.10", minimum required is "3")
[36m--[0m Using PYTHON_EXECUTABLE: /usr/bin/python3
[36m--[0m Using Debian Python package layout
[36m--[0m Found PY_em: /home/chen/.local/lib/python3.8/site-packages/em.py
[36m--[0m Using empy: /home/chen/.local/lib/python3.8/site-packages/em.py
[36m--[0m Using CATKIN_ENABLE_TESTING: ON
[36m--[0m Call enable_testing()
[36m--[0m Using CATKIN_TEST_RESULTS_DIR: /home/chen/offboard_control/build/offboard_control/test_results
[36m--[0m Forcing gtest/gmock from source, though one was otherwise available.
[36m--[0m Found gtest sources under '/usr/src/googletest': gtests will be built
[36m--[0m Found gmock sources under '/usr/src/googletest': gmock will be built
[36m--[0m Found PythonInterp: /usr/bin/python3 (found version "3.8.10")
[36m--[0m Found Threads: TRUE
[36m--[0m Using Python nosetests: /usr/bin/nosetests3
[36m--[0m catkin 0.8.10
[36m--[0m BUILD_SHARED_LIBS is on
[36m--[0m Using these message generators: gencpp;geneus;genlisp;gennodejs;genpy
[36m--[0m offboard_control: 2 messages, 6 services
[36m--[0m Configuring done
[31m[1mCMake Error[0m at /home/chen/offboard_control/src/offboard_control/CMakeLists.txt:141 (add_library):
  Target "online_traj_generator" links to target "rukig::rukig" but the
  target was not found.  Perhaps a find_package() call is missing for an
  IMPORTED target, or an ALIAS target is missing?


[31m[1mCMake Error[0m at /home/chen/offboard_control/src/offboard_control/CMakeLists.txt:160 (add_executable):
  Target "online_traj_generator_node" links to target "rukig::rukig" but the
  target was not found.  Perhaps a find_package() call is missing for an
  IMPORTED target, or an ALIAS target is missing?


[36m--[0m Generating done
CMake Generate step failed.  Build files cannot be regenerated correctly.
